[ 2018-02-02T01:29:24+08:00 ] 59.110.6.177 /
NOTIC: [8] Use of undefined constant SHOW_PAGE_TRACE - assumed 'SHOW_PAGE_TRACE' D:\Home\App\Common\Conf\debug.php 第 4 行.
INFO: [ app_init ] --START--
INFO: Run Behavior\BuildLiteBehavior [ RunTime:0.000013s ]
INFO: [ app_init ] --END-- [ RunTime:0.000059s ]
INFO: [ app_begin ] --START--
INFO: Run Behavior\ReadHtmlCacheBehavior [ RunTime:0.001865s ]
INFO: [ app_begin ] --END-- [ RunTime:0.001918s ]
INFO: [ view_parse ] --START--
INFO: Run Behavior\ParseTemplateBehavior [ RunTime:0.000206s ]
INFO: [ view_parse ] --END-- [ RunTime:0.000250s ]
INFO: [ view_filter ] --START--
INFO: Run Behavior\WriteHtmlCacheBehavior [ RunTime:0.001304s ]
INFO: [ view_filter ] --END-- [ RunTime:0.001340s ]
INFO: [ app_end ] --START--
INFO: Run Behavior\ShowPageTraceBehavior [ RunTime:0.000872s ]
INFO: [ app_end ] --END-- [ RunTime:0.000919s ]

[ 2018-02-02T02:33:57+08:00 ] 123.151.42.61 http://www.baidu.com/
NOTIC: [8] Use of undefined constant SHOW_PAGE_TRACE - assumed 'SHOW_PAGE_TRACE' D:\Home\App\Common\Conf\debug.php 第 4 行.
INFO: [ app_init ] --START--
INFO: Run Behavior\BuildLiteBehavior [ RunTime:0.000011s ]
INFO: [ app_init ] --END-- [ RunTime:0.000055s ]
INFO: [ app_begin ] --START--
INFO: Run Behavior\ReadHtmlCacheBehavior [ RunTime:0.000373s ]
INFO: [ app_begin ] --END-- [ RunTime:0.000420s ]
INFO: [ view_parse ] --START--
INFO: Run Behavior\ParseTemplateBehavior [ RunTime:0.000191s ]
INFO: [ view_parse ] --END-- [ RunTime:0.000239s ]
INFO: [ view_filter ] --START--
INFO: Run Behavior\WriteHtmlCacheBehavior [ RunTime:0.000182s ]
INFO: [ view_filter ] --END-- [ RunTime:0.000217s ]
INFO: [ app_end ] --START--
INFO: Run Behavior\ShowPageTraceBehavior [ RunTime:0.000370s ]
INFO: [ app_end ] --END-- [ RunTime:0.000408s ]

[ 2018-02-02T05:56:10+08:00 ] 61.55.191.148 /
NOTIC: [8] Use of undefined constant SHOW_PAGE_TRACE - assumed 'SHOW_PAGE_TRACE' D:\Home\App\Common\Conf\debug.php 第 4 行.
INFO: [ app_init ] --START--
INFO: Run Behavior\BuildLiteBehavior [ RunTime:0.000011s ]
INFO: [ app_init ] --END-- [ RunTime:0.000052s ]
INFO: [ app_begin ] --START--
INFO: Run Behavior\ReadHtmlCacheBehavior [ RunTime:0.000366s ]
INFO: [ app_begin ] --END-- [ RunTime:0.000414s ]
INFO: [ view_parse ] --START--
INFO: Run Behavior\ParseTemplateBehavior [ RunTime:0.000179s ]
INFO: [ view_parse ] --END-- [ RunTime:0.000230s ]
INFO: [ view_filter ] --START--
INFO: Run Behavior\WriteHtmlCacheBehavior [ RunTime:0.000186s ]
INFO: [ view_filter ] --END-- [ RunTime:0.000219s ]
INFO: [ app_end ] --START--
INFO: Run Behavior\ShowPageTraceBehavior [ RunTime:0.000403s ]
INFO: [ app_end ] --END-- [ RunTime:0.000441s ]

[ 2018-02-02T06:15:43+08:00 ] 141.212.122.81 /
NOTIC: [8] Use of undefined constant SHOW_PAGE_TRACE - assumed 'SHOW_PAGE_TRACE' D:\Home\App\Common\Conf\debug.php 第 4 行.
INFO: [ app_init ] --START--
INFO: Run Behavior\BuildLiteBehavior [ RunTime:0.000011s ]
INFO: [ app_init ] --END-- [ RunTime:0.000052s ]
INFO: [ app_begin ] --START--
INFO: Run Behavior\ReadHtmlCacheBehavior [ RunTime:0.000487s ]
INFO: [ app_begin ] --END-- [ RunTime:0.000543s ]
INFO: [ view_parse ] --START--
INFO: Run Behavior\ParseTemplateBehavior [ RunTime:0.000193s ]
INFO: [ view_parse ] --END-- [ RunTime:0.000249s ]
INFO: [ view_filter ] --START--
INFO: Run Behavior\WriteHtmlCacheBehavior [ RunTime:0.000246s ]
INFO: [ view_filter ] --END-- [ RunTime:0.000290s ]
INFO: [ app_end ] --START--
INFO: Run Behavior\ShowPageTraceBehavior [ RunTime:0.000373s ]
INFO: [ app_end ] --END-- [ RunTime:0.000410s ]

[ 2018-02-02T07:49:18+08:00 ] 94.102.49.193 /
NOTIC: [8] Use of undefined constant SHOW_PAGE_TRACE - assumed 'SHOW_PAGE_TRACE' D:\Home\App\Common\Conf\debug.php 第 4 行.
INFO: [ app_init ] --START--
INFO: Run Behavior\BuildLiteBehavior [ RunTime:0.000011s ]
INFO: [ app_init ] --END-- [ RunTime:0.000074s ]
INFO: [ app_begin ] --START--
INFO: Run Behavior\ReadHtmlCacheBehavior [ RunTime:0.000394s ]
INFO: [ app_begin ] --END-- [ RunTime:0.000442s ]
INFO: [ view_parse ] --START--
INFO: Run Behavior\ParseTemplateBehavior [ RunTime:0.000193s ]
INFO: [ view_parse ] --END-- [ RunTime:0.000237s ]
INFO: [ view_filter ] --START--
INFO: Run Behavior\WriteHtmlCacheBehavior [ RunTime:0.000180s ]
INFO: [ view_filter ] --END-- [ RunTime:0.000214s ]
INFO: [ app_end ] --START--
INFO: Run Behavior\ShowPageTraceBehavior [ RunTime:0.000367s ]
INFO: [ app_end ] --END-- [ RunTime:0.000405s ]

[ 2018-02-02T08:04:33+08:00 ] 107.170.255.4 /
NOTIC: [8] Use of undefined constant SHOW_PAGE_TRACE - assumed 'SHOW_PAGE_TRACE' D:\Home\App\Common\Conf\debug.php 第 4 行.
INFO: [ app_init ] --START--
INFO: Run Behavior\BuildLiteBehavior [ RunTime:0.000011s ]
INFO: [ app_init ] --END-- [ RunTime:0.000050s ]
INFO: [ app_begin ] --START--
INFO: Run Behavior\ReadHtmlCacheBehavior [ RunTime:0.000390s ]
INFO: [ app_begin ] --END-- [ RunTime:0.000441s ]
INFO: [ view_parse ] --START--
INFO: Run Behavior\ParseTemplateBehavior [ RunTime:0.000186s ]
INFO: [ view_parse ] --END-- [ RunTime:0.000237s ]
INFO: [ view_filter ] --START--
INFO: Run Behavior\WriteHtmlCacheBehavior [ RunTime:0.000179s ]
INFO: [ view_filter ] --END-- [ RunTime:0.000213s ]
INFO: [ app_end ] --START--
INFO: Run Behavior\ShowPageTraceBehavior [ RunTime:0.000357s ]
INFO: [ app_end ] --END-- [ RunTime:0.000395s ]

[ 2018-02-02T08:05:04+08:00 ] 59.110.6.177 /
NOTIC: [8] Use of undefined constant SHOW_PAGE_TRACE - assumed 'SHOW_PAGE_TRACE' D:\Home\App\Common\Conf\debug.php 第 4 行.
INFO: [ app_init ] --START--
INFO: Run Behavior\BuildLiteBehavior [ RunTime:0.000011s ]
INFO: [ app_init ] --END-- [ RunTime:0.000052s ]
INFO: [ app_begin ] --START--
INFO: Run Behavior\ReadHtmlCacheBehavior [ RunTime:0.000384s ]
INFO: [ app_begin ] --END-- [ RunTime:0.000431s ]
INFO: [ view_parse ] --START--
INFO: Run Behavior\ParseTemplateBehavior [ RunTime:0.000129s ]
INFO: [ view_parse ] --END-- [ RunTime:0.000172s ]
INFO: [ view_filter ] --START--
INFO: Run Behavior\WriteHtmlCacheBehavior [ RunTime:0.000148s ]
INFO: [ view_filter ] --END-- [ RunTime:0.000183s ]
INFO: [ app_end ] --START--
INFO: Run Behavior\ShowPageTraceBehavior [ RunTime:0.000324s ]
INFO: [ app_end ] --END-- [ RunTime:0.000362s ]

[ 2018-02-02T08:52:48+08:00 ] 14.17.3.64 /
NOTIC: [8] Use of undefined constant SHOW_PAGE_TRACE - assumed 'SHOW_PAGE_TRACE' D:\Home\App\Common\Conf\debug.php 第 4 行.
INFO: [ app_init ] --START--
INFO: Run Behavior\BuildLiteBehavior [ RunTime:0.000017s ]
INFO: [ app_init ] --END-- [ RunTime:0.000071s ]
INFO: [ app_begin ] --START--
INFO: Run Behavior\ReadHtmlCacheBehavior [ RunTime:0.000540s ]
INFO: [ app_begin ] --END-- [ RunTime:0.000606s ]
INFO: [ view_parse ] --START--
INFO: Run Behavior\ParseTemplateBehavior [ RunTime:0.000202s ]
INFO: [ view_parse ] --END-- [ RunTime:0.000336s ]
INFO: [ view_filter ] --START--
INFO: Run Behavior\WriteHtmlCacheBehavior [ RunTime:0.000194s ]
INFO: [ view_filter ] --END-- [ RunTime:0.000229s ]
INFO: [ app_end ] --START--
INFO: Run Behavior\ShowPageTraceBehavior [ RunTime:0.000359s ]
INFO: [ app_end ] --END-- [ RunTime:0.000397s ]

[ 2018-02-02T10:23:45+08:00 ] 196.44.131.182 /
NOTIC: [8] Use of undefined constant SHOW_PAGE_TRACE - assumed 'SHOW_PAGE_TRACE' D:\Home\App\Common\Conf\debug.php 第 4 行.
INFO: [ app_init ] --START--
INFO: Run Behavior\BuildLiteBehavior [ RunTime:0.000013s ]
INFO: [ app_init ] --END-- [ RunTime:0.000059s ]
INFO: [ app_begin ] --START--
INFO: Run Behavior\ReadHtmlCacheBehavior [ RunTime:0.001674s ]
INFO: [ app_begin ] --END-- [ RunTime:0.001723s ]
INFO: [ view_parse ] --START--
INFO: Run Behavior\ParseTemplateBehavior [ RunTime:0.000196s ]
INFO: [ view_parse ] --END-- [ RunTime:0.000242s ]
INFO: [ view_filter ] --START--
INFO: Run Behavior\WriteHtmlCacheBehavior [ RunTime:0.001141s ]
INFO: [ view_filter ] --END-- [ RunTime:0.001176s ]
INFO: [ app_end ] --START--
INFO: Run Behavior\ShowPageTraceBehavior [ RunTime:0.000701s ]
INFO: [ app_end ] --END-- [ RunTime:0.000741s ]

[ 2018-02-02T10:24:16+08:00 ] 196.44.131.182 /
NOTIC: [8] Use of undefined constant SHOW_PAGE_TRACE - assumed 'SHOW_PAGE_TRACE' D:\Home\App\Common\Conf\debug.php 第 4 行.
INFO: [ app_init ] --START--
INFO: Run Behavior\BuildLiteBehavior [ RunTime:0.000010s ]
INFO: [ app_init ] --END-- [ RunTime:0.000050s ]
INFO: [ app_begin ] --START--
INFO: Run Behavior\ReadHtmlCacheBehavior [ RunTime:0.000313s ]
INFO: [ app_begin ] --END-- [ RunTime:0.000360s ]
INFO: [ view_parse ] --START--
INFO: Run Behavior\ParseTemplateBehavior [ RunTime:0.000188s ]
INFO: [ view_parse ] --END-- [ RunTime:0.000252s ]
INFO: [ view_filter ] --START--
INFO: Run Behavior\WriteHtmlCacheBehavior [ RunTime:0.000203s ]
INFO: [ view_filter ] --END-- [ RunTime:0.000257s ]
INFO: [ app_end ] --START--
INFO: Run Behavior\ShowPageTraceBehavior [ RunTime:0.000345s ]
INFO: [ app_end ] --END-- [ RunTime:0.000397s ]

[ 2018-02-02T13:27:21+08:00 ] 172.104.108.109 /
NOTIC: [8] Use of undefined constant SHOW_PAGE_TRACE - assumed 'SHOW_PAGE_TRACE' D:\Home\App\Common\Conf\debug.php 第 4 行.
INFO: [ app_init ] --START--
INFO: Run Behavior\BuildLiteBehavior [ RunTime:0.000011s ]
INFO: [ app_init ] --END-- [ RunTime:0.000054s ]
INFO: [ app_begin ] --START--
INFO: Run Behavior\ReadHtmlCacheBehavior [ RunTime:0.000374s ]
INFO: [ app_begin ] --END-- [ RunTime:0.000425s ]
INFO: [ view_parse ] --START--
INFO: Run Behavior\ParseTemplateBehavior [ RunTime:0.000188s ]
INFO: [ view_parse ] --END-- [ RunTime:0.000232s ]
INFO: [ view_filter ] --START--
INFO: Run Behavior\WriteHtmlCacheBehavior [ RunTime:0.000192s ]
INFO: [ view_filter ] --END-- [ RunTime:0.000226s ]
INFO: [ app_end ] --START--
INFO: Run Behavior\ShowPageTraceBehavior [ RunTime:0.000372s ]
INFO: [ app_end ] --END-- [ RunTime:0.000411s ]

[ 2018-02-02T14:42:55+08:00 ] 119.249.54.93 /
NOTIC: [8] Use of undefined constant SHOW_PAGE_TRACE - assumed 'SHOW_PAGE_TRACE' D:\Home\App\Common\Conf\debug.php 第 4 行.
INFO: [ app_init ] --START--
INFO: Run Behavior\BuildLiteBehavior [ RunTime:0.000011s ]
INFO: [ app_init ] --END-- [ RunTime:0.000054s ]
INFO: [ app_begin ] --START--
INFO: Run Behavior\ReadHtmlCacheBehavior [ RunTime:0.000363s ]
INFO: [ app_begin ] --END-- [ RunTime:0.000410s ]
INFO: [ view_parse ] --START--
INFO: Run Behavior\ParseTemplateBehavior [ RunTime:0.000193s ]
INFO: [ view_parse ] --END-- [ RunTime:0.000238s ]
INFO: [ view_filter ] --START--
INFO: Run Behavior\WriteHtmlCacheBehavior [ RunTime:0.000181s ]
INFO: [ view_filter ] --END-- [ RunTime:0.000215s ]
INFO: [ app_end ] --START--
INFO: Run Behavior\ShowPageTraceBehavior [ RunTime:0.000365s ]
INFO: [ app_end ] --END-- [ RunTime:0.000402s ]

[ 2018-02-02T16:18:08+08:00 ] 111.11.5.114 /
NOTIC: [8] Use of undefined constant SHOW_PAGE_TRACE - assumed 'SHOW_PAGE_TRACE' D:\Home\App\Common\Conf\debug.php 第 4 行.
INFO: [ app_init ] --START--
INFO: Run Behavior\BuildLiteBehavior [ RunTime:0.000013s ]
INFO: [ app_init ] --END-- [ RunTime:0.000062s ]
INFO: [ app_begin ] --START--
INFO: Run Behavior\ReadHtmlCacheBehavior [ RunTime:0.000384s ]
INFO: [ app_begin ] --END-- [ RunTime:0.000432s ]
INFO: [ view_parse ] --START--
INFO: Run Behavior\ParseTemplateBehavior [ RunTime:0.000187s ]
INFO: [ view_parse ] --END-- [ RunTime:0.000233s ]
INFO: [ view_filter ] --START--
INFO: Run Behavior\WriteHtmlCacheBehavior [ RunTime:0.000183s ]
INFO: [ view_filter ] --END-- [ RunTime:0.000315s ]
INFO: [ app_end ] --START--
INFO: Run Behavior\ShowPageTraceBehavior [ RunTime:0.000411s ]
INFO: [ app_end ] --END-- [ RunTime:0.000448s ]

[ 2018-02-02T16:18:08+08:00 ] 111.11.5.114 /
NOTIC: [8] Use of undefined constant SHOW_PAGE_TRACE - assumed 'SHOW_PAGE_TRACE' D:\Home\App\Common\Conf\debug.php 第 4 行.
INFO: [ app_init ] --START--
INFO: Run Behavior\BuildLiteBehavior [ RunTime:0.000012s ]
INFO: [ app_init ] --END-- [ RunTime:0.000053s ]
INFO: [ app_begin ] --START--
INFO: Run Behavior\ReadHtmlCacheBehavior [ RunTime:0.000365s ]
INFO: [ app_begin ] --END-- [ RunTime:0.000414s ]
INFO: [ view_parse ] --START--
INFO: Run Behavior\ParseTemplateBehavior [ RunTime:0.000204s ]
INFO: [ view_parse ] --END-- [ RunTime:0.000250s ]
INFO: [ view_filter ] --START--
INFO: Run Behavior\WriteHtmlCacheBehavior [ RunTime:0.000182s ]
INFO: [ view_filter ] --END-- [ RunTime:0.000216s ]
INFO: [ app_end ] --START--
INFO: Run Behavior\ShowPageTraceBehavior [ RunTime:0.000408s ]
INFO: [ app_end ] --END-- [ RunTime:0.000446s ]

[ 2018-02-02T17:25:41+08:00 ] 59.110.6.177 /
NOTIC: [8] Use of undefined constant SHOW_PAGE_TRACE - assumed 'SHOW_PAGE_TRACE' D:\Home\App\Common\Conf\debug.php 第 4 行.
INFO: [ app_init ] --START--
INFO: Run Behavior\BuildLiteBehavior [ RunTime:0.000012s ]
INFO: [ app_init ] --END-- [ RunTime:0.000062s ]
INFO: [ app_begin ] --START--
INFO: Run Behavior\ReadHtmlCacheBehavior [ RunTime:0.001775s ]
INFO: [ app_begin ] --END-- [ RunTime:0.001835s ]
INFO: [ view_parse ] --START--
INFO: Run Behavior\ParseTemplateBehavior [ RunTime:0.000302s ]
INFO: [ view_parse ] --END-- [ RunTime:0.000369s ]
INFO: [ view_filter ] --START--
INFO: Run Behavior\WriteHtmlCacheBehavior [ RunTime:0.001459s ]
INFO: [ view_filter ] --END-- [ RunTime:0.001518s ]
INFO: [ app_end ] --START--
INFO: Run Behavior\ShowPageTraceBehavior [ RunTime:0.000972s ]
INFO: [ app_end ] --END-- [ RunTime:0.001025s ]

[ 2018-02-02T19:19:58+08:00 ] 196.52.43.52 /
NOTIC: [8] Use of undefined constant SHOW_PAGE_TRACE - assumed 'SHOW_PAGE_TRACE' D:\Home\App\Common\Conf\debug.php 第 4 行.
INFO: [ app_init ] --START--
INFO: Run Behavior\BuildLiteBehavior [ RunTime:0.000013s ]
INFO: [ app_init ] --END-- [ RunTime:0.000057s ]
INFO: [ app_begin ] --START--
INFO: Run Behavior\ReadHtmlCacheBehavior [ RunTime:0.001585s ]
INFO: [ app_begin ] --END-- [ RunTime:0.001645s ]
INFO: [ view_parse ] --START--
INFO: Run Behavior\ParseTemplateBehavior [ RunTime:0.000243s ]
INFO: [ view_parse ] --END-- [ RunTime:0.000287s ]
INFO: [ view_filter ] --START--
INFO: Run Behavior\WriteHtmlCacheBehavior [ RunTime:0.001094s ]
INFO: [ view_filter ] --END-- [ RunTime:0.001129s ]
INFO: [ app_end ] --START--
INFO: Run Behavior\ShowPageTraceBehavior [ RunTime:0.000784s ]
INFO: [ app_end ] --END-- [ RunTime:0.000823s ]

[ 2018-02-02T21:10:44+08:00 ] 122.116.40.227 /
NOTIC: [8] Use of undefined constant SHOW_PAGE_TRACE - assumed 'SHOW_PAGE_TRACE' D:\Home\App\Common\Conf\debug.php 第 4 行.
INFO: [ app_init ] --START--
INFO: Run Behavior\BuildLiteBehavior [ RunTime:0.000011s ]
INFO: [ app_init ] --END-- [ RunTime:0.000055s ]
INFO: [ app_begin ] --START--
INFO: Run Behavior\ReadHtmlCacheBehavior [ RunTime:0.000381s ]
INFO: [ app_begin ] --END-- [ RunTime:0.000475s ]
INFO: [ view_parse ] --START--
INFO: Run Behavior\ParseTemplateBehavior [ RunTime:0.000261s ]
INFO: [ view_parse ] --END-- [ RunTime:0.000326s ]
INFO: [ view_filter ] --START--
INFO: Run Behavior\WriteHtmlCacheBehavior [ RunTime:0.000307s ]
INFO: [ view_filter ] --END-- [ RunTime:0.000348s ]
INFO: [ app_end ] --START--
INFO: Run Behavior\ShowPageTraceBehavior [ RunTime:0.000398s ]
INFO: [ app_end ] --END-- [ RunTime:0.000439s ]

[ 2018-02-02T21:10:46+08:00 ] 122.116.40.227 /
NOTIC: [8] Use of undefined constant SHOW_PAGE_TRACE - assumed 'SHOW_PAGE_TRACE' D:\Home\App\Common\Conf\debug.php 第 4 行.
INFO: [ app_init ] --START--
INFO: Run Behavior\BuildLiteBehavior [ RunTime:0.000011s ]
INFO: [ app_init ] --END-- [ RunTime:0.000052s ]
INFO: [ app_begin ] --START--
INFO: Run Behavior\ReadHtmlCacheBehavior [ RunTime:0.000312s ]
INFO: [ app_begin ] --END-- [ RunTime:0.000358s ]
INFO: [ view_parse ] --START--
INFO: Run Behavior\ParseTemplateBehavior [ RunTime:0.000131s ]
INFO: [ view_parse ] --END-- [ RunTime:0.000174s ]
INFO: [ view_filter ] --START--
INFO: Run Behavior\WriteHtmlCacheBehavior [ RunTime:0.000138s ]
INFO: [ view_filter ] --END-- [ RunTime:0.000170s ]
INFO: [ app_end ] --START--
INFO: Run Behavior\ShowPageTraceBehavior [ RunTime:0.000325s ]
INFO: [ app_end ] --END-- [ RunTime:0.000375s ]

[ 2018-02-02T21:10:46+08:00 ] 122.116.40.227 /
NOTIC: [8] Use of undefined constant SHOW_PAGE_TRACE - assumed 'SHOW_PAGE_TRACE' D:\Home\App\Common\Conf\debug.php 第 4 行.
INFO: [ app_init ] --START--
INFO: Run Behavior\BuildLiteBehavior [ RunTime:0.000012s ]
INFO: [ app_init ] --END-- [ RunTime:0.000052s ]
INFO: [ app_begin ] --START--
INFO: Run Behavior\ReadHtmlCacheBehavior [ RunTime:0.000396s ]
INFO: [ app_begin ] --END-- [ RunTime:0.000452s ]
INFO: [ view_parse ] --START--
INFO: Run Behavior\ParseTemplateBehavior [ RunTime:0.000133s ]
INFO: [ view_parse ] --END-- [ RunTime:0.000176s ]
INFO: [ view_filter ] --START--
INFO: Run Behavior\WriteHtmlCacheBehavior [ RunTime:0.000149s ]
INFO: [ view_filter ] --END-- [ RunTime:0.000194s ]
INFO: [ app_end ] --START--
INFO: Run Behavior\ShowPageTraceBehavior [ RunTime:0.000341s ]
INFO: [ app_end ] --END-- [ RunTime:0.000378s ]

[ 2018-02-02T23:45:38+08:00 ] 101.87.253.210 /index.php
NOTIC: [8] Use of undefined constant SHOW_PAGE_TRACE - assumed 'SHOW_PAGE_TRACE' D:\Home\App\Common\Conf\debug.php 第 4 行.
INFO: [ app_init ] --START--
INFO: Run Behavior\BuildLiteBehavior [ RunTime:0.000015s ]
INFO: [ app_init ] --END-- [ RunTime:0.000067s ]
INFO: [ app_begin ] --START--
INFO: Run Behavior\ReadHtmlCacheBehavior [ RunTime:0.000501s ]
INFO: [ app_begin ] --END-- [ RunTime:0.000563s ]
INFO: [ view_parse ] --START--
INFO: Run Behavior\ParseTemplateBehavior [ RunTime:0.000195s ]
INFO: [ view_parse ] --END-- [ RunTime:0.000242s ]
INFO: [ view_filter ] --START--
INFO: Run Behavior\WriteHtmlCacheBehavior [ RunTime:0.000185s ]
INFO: [ view_filter ] --END-- [ RunTime:0.000219s ]
INFO: [ app_end ] --START--
INFO: Run Behavior\ShowPageTraceBehavior [ RunTime:0.000422s ]
INFO: [ app_end ] --END-- [ RunTime:0.000466s ]

[ 2018-02-02T23:46:01+08:00 ] 101.87.253.210 /index.php
NOTIC: [8] Use of undefined constant SHOW_PAGE_TRACE - assumed 'SHOW_PAGE_TRACE' D:\Home\App\Common\Conf\debug.php 第 4 行.
INFO: [ app_init ] --START--
INFO: Run Behavior\BuildLiteBehavior [ RunTime:0.000011s ]
INFO: [ app_init ] --END-- [ RunTime:0.000049s ]
INFO: [ app_begin ] --START--
INFO: Run Behavior\ReadHtmlCacheBehavior [ RunTime:0.000301s ]
INFO: [ app_begin ] --END-- [ RunTime:0.000350s ]
INFO: [ view_parse ] --START--
INFO: Run Behavior\ParseTemplateBehavior [ RunTime:0.000134s ]
INFO: [ view_parse ] --END-- [ RunTime:0.000185s ]
INFO: [ view_filter ] --START--
INFO: Run Behavior\WriteHtmlCacheBehavior [ RunTime:0.000161s ]
INFO: [ view_filter ] --END-- [ RunTime:0.000195s ]
INFO: [ app_end ] --START--
INFO: Run Behavior\ShowPageTraceBehavior [ RunTime:0.000324s ]
INFO: [ app_end ] --END-- [ RunTime:0.000359s ]

[ 2018-02-02T23:46:21+08:00 ] 101.87.253.210 /index.php
NOTIC: [8] Use of undefined constant SHOW_PAGE_TRACE - assumed 'SHOW_PAGE_TRACE' D:\Home\App\Common\Conf\debug.php 第 4 行.
INFO: [ app_init ] --START--
INFO: Run Behavior\BuildLiteBehavior [ RunTime:0.000012s ]
INFO: [ app_init ] --END-- [ RunTime:0.000050s ]
INFO: [ app_begin ] --START--
INFO: Run Behavior\ReadHtmlCacheBehavior [ RunTime:0.000359s ]
INFO: [ app_begin ] --END-- [ RunTime:0.000404s ]
INFO: [ view_parse ] --START--
INFO: Run Behavior\ParseTemplateBehavior [ RunTime:0.000131s ]
INFO: [ view_parse ] --END-- [ RunTime:0.000172s ]
INFO: [ view_filter ] --START--
INFO: Run Behavior\WriteHtmlCacheBehavior [ RunTime:0.000155s ]
INFO: [ view_filter ] --END-- [ RunTime:0.000196s ]
INFO: [ app_end ] --START--
INFO: Run Behavior\ShowPageTraceBehavior [ RunTime:0.000315s ]
INFO: [ app_end ] --END-- [ RunTime:0.000350s ]

[ 2018-02-02T23:47:00+08:00 ] 101.87.253.210 /index.php
NOTIC: [8] Use of undefined constant SHOW_PAGE_TRACE - assumed 'SHOW_PAGE_TRACE' D:\Home\App\Common\Conf\debug.php 第 4 行.
INFO: [ app_init ] --START--
INFO: Run Behavior\BuildLiteBehavior [ RunTime:0.000011s ]
INFO: [ app_init ] --END-- [ RunTime:0.000049s ]
INFO: [ app_begin ] --START--
INFO: Run Behavior\ReadHtmlCacheBehavior [ RunTime:0.000321s ]
INFO: [ app_begin ] --END-- [ RunTime:0.000364s ]
INFO: [ view_parse ] --START--
INFO: Run Behavior\ParseTemplateBehavior [ RunTime:0.000142s ]
INFO: [ view_parse ] --END-- [ RunTime:0.000186s ]
INFO: [ view_filter ] --START--
INFO: Run Behavior\WriteHtmlCacheBehavior [ RunTime:0.000143s ]
INFO: [ view_filter ] --END-- [ RunTime:0.000184s ]
INFO: [ app_end ] --START--
INFO: Run Behavior\ShowPageTraceBehavior [ RunTime:0.000359s ]
INFO: [ app_end ] --END-- [ RunTime:0.000402s ]

[ 2018-02-02T23:49:00+08:00 ] 101.87.253.210 /index.php
NOTIC: [8] Use of undefined constant SHOW_PAGE_TRACE - assumed 'SHOW_PAGE_TRACE' D:\Home\App\Common\Conf\debug.php 第 4 行.
INFO: [ app_init ] --START--
INFO: Run Behavior\BuildLiteBehavior [ RunTime:0.000011s ]
INFO: [ app_init ] --END-- [ RunTime:0.000048s ]
INFO: [ app_begin ] --START--
INFO: Run Behavior\ReadHtmlCacheBehavior [ RunTime:0.000308s ]
INFO: [ app_begin ] --END-- [ RunTime:0.000353s ]
INFO: [ view_parse ] --START--
INFO: Run Behavior\ParseTemplateBehavior [ RunTime:0.000193s ]
INFO: [ view_parse ] --END-- [ RunTime:0.000234s ]
INFO: [ view_filter ] --START--
INFO: Run Behavior\WriteHtmlCacheBehavior [ RunTime:0.000209s ]
INFO: [ view_filter ] --END-- [ RunTime:0.000243s ]
INFO: [ app_end ] --START--
INFO: Run Behavior\ShowPageTraceBehavior [ RunTime:0.000352s ]
INFO: [ app_end ] --END-- [ RunTime:0.000415s ]

[ 2018-02-02T23:54:19+08:00 ] 101.87.253.210 /index.php
NOTIC: [8] Use of undefined constant SHOW_PAGE_TRACE - assumed 'SHOW_PAGE_TRACE' D:\Home\App\Common\Conf\debug.php 第 4 行.
INFO: [ app_init ] --START--
INFO: Run Behavior\BuildLiteBehavior [ RunTime:0.000011s ]
INFO: [ app_init ] --END-- [ RunTime:0.000052s ]
INFO: [ app_begin ] --START--
INFO: Run Behavior\ReadHtmlCacheBehavior [ RunTime:0.000961s ]
INFO: [ app_begin ] --END-- [ RunTime:0.001012s ]
INFO: [ view_parse ] --START--
INFO: Run Behavior\ParseTemplateBehavior [ RunTime:0.000182s ]
INFO: [ view_parse ] --END-- [ RunTime:0.000224s ]
INFO: [ view_filter ] --START--
INFO: Run Behavior\WriteHtmlCacheBehavior [ RunTime:0.000270s ]
INFO: [ view_filter ] --END-- [ RunTime:0.000306s ]
INFO: [ app_end ] --START--
INFO: Run Behavior\ShowPageTraceBehavior [ RunTime:0.000389s ]
INFO: [ app_end ] --END-- [ RunTime:0.000428s ]

