[ 2018-01-30T15:44:16+08:00 ] 101.87.254.112 /index.php/Admin
NOTIC: [8] Use of undefined constant SHOW_PAGE_TRACE - assumed 'SHOW_PAGE_TRACE' D:\Home\App\Common\Conf\debug.php 第 4 行.
INFO: [ app_init ] --START--
INFO: Run Behavior\BuildLiteBehavior [ RunTime:0.000012s ]
INFO: [ app_init ] --END-- [ RunTime:0.000051s ]
INFO: [ app_begin ] --START--
INFO: Run Behavior\ReadHtmlCacheBehavior [ RunTime:0.000398s ]
INFO: [ app_begin ] --END-- [ RunTime:0.000447s ]
SQL: SHOW COLUMNS FROM `lr_web` [ RunTime:0.4032s ]
SQL: SELECT `concent` FROM `lr_web` WHERE ( id=5 ) LIMIT 1   [ RunTime:0.0323s ]
INFO: [ view_parse ] --START--
INFO: [ template_filter ] --START--
INFO: Run Behavior\ContentReplaceBehavior [ RunTime:0.010575s ]
INFO: [ template_filter ] --END-- [ RunTime:0.010655s ]
INFO: Run Behavior\ParseTemplateBehavior [ RunTime:0.073744s ]
INFO: [ view_parse ] --END-- [ RunTime:0.073799s ]
INFO: [ view_filter ] --START--
INFO: Run Behavior\WriteHtmlCacheBehavior [ RunTime:0.000246s ]
INFO: [ view_filter ] --END-- [ RunTime:0.000282s ]
INFO: [ app_end ] --START--
INFO: Run Behavior\ShowPageTraceBehavior [ RunTime:0.000413s ]
INFO: [ app_end ] --END-- [ RunTime:0.000475s ]

[ 2018-01-30T15:44:17+08:00 ] 101.87.254.112 /index.php/Admin/Page/adminindex.html
NOTIC: [8] Use of undefined constant SHOW_PAGE_TRACE - assumed 'SHOW_PAGE_TRACE' D:\Home\App\Common\Conf\debug.php 第 4 行.
INFO: [ app_init ] --START--
INFO: Run Behavior\BuildLiteBehavior [ RunTime:0.000013s ]
INFO: [ app_init ] --END-- [ RunTime:0.000051s ]
INFO: [ app_begin ] --START--
INFO: Run Behavior\ReadHtmlCacheBehavior [ RunTime:0.000338s ]
INFO: [ app_begin ] --END-- [ RunTime:0.000386s ]
INFO: [ view_parse ] --START--
INFO: [ template_filter ] --START--
INFO: Run Behavior\ContentReplaceBehavior [ RunTime:0.000048s ]
INFO: [ template_filter ] --END-- [ RunTime:0.000093s ]
INFO: Run Behavior\ParseTemplateBehavior [ RunTime:0.004703s ]
INFO: [ view_parse ] --END-- [ RunTime:0.004751s ]
INFO: [ view_filter ] --START--
INFO: Run Behavior\WriteHtmlCacheBehavior [ RunTime:0.000143s ]
INFO: [ view_filter ] --END-- [ RunTime:0.000175s ]
INFO: [ app_end ] --START--
INFO: Run Behavior\ShowPageTraceBehavior [ RunTime:0.000331s ]
INFO: [ app_end ] --END-- [ RunTime:0.000369s ]

[ 2018-01-30T15:44:25+08:00 ] 101.87.254.112 /index.php/Admin/More/setup.html
NOTIC: [8] Use of undefined constant SHOW_PAGE_TRACE - assumed 'SHOW_PAGE_TRACE' D:\Home\App\Common\Conf\debug.php 第 4 行.
INFO: [ app_init ] --START--
INFO: Run Behavior\BuildLiteBehavior [ RunTime:0.000011s ]
INFO: [ app_init ] --END-- [ RunTime:0.000048s ]
INFO: [ app_begin ] --START--
INFO: Run Behavior\ReadHtmlCacheBehavior [ RunTime:0.000372s ]
INFO: [ app_begin ] --END-- [ RunTime:0.000422s ]
SQL: SHOW COLUMNS FROM `lr_program` [ RunTime:0.0135s ]
SQL: SELECT * FROM `lr_program` WHERE ( id=1 ) LIMIT 1   [ RunTime:0.0098s ]
INFO: [ view_parse ] --START--
INFO: [ template_filter ] --START--
INFO: Run Behavior\ContentReplaceBehavior [ RunTime:0.000081s ]
INFO: [ template_filter ] --END-- [ RunTime:0.000125s ]
INFO: Run Behavior\ParseTemplateBehavior [ RunTime:0.006974s ]
INFO: [ view_parse ] --END-- [ RunTime:0.007028s ]
INFO: [ view_filter ] --START--
INFO: Run Behavior\WriteHtmlCacheBehavior [ RunTime:0.000201s ]
INFO: [ view_filter ] --END-- [ RunTime:0.000237s ]
INFO: [ app_end ] --START--
INFO: Run Behavior\ShowPageTraceBehavior [ RunTime:0.000395s ]
INFO: [ app_end ] --END-- [ RunTime:0.000440s ]

[ 2018-01-30T15:44:35+08:00 ] 101.87.254.112 /index.php/Admin/Brand/index.html
NOTIC: [8] Use of undefined constant SHOW_PAGE_TRACE - assumed 'SHOW_PAGE_TRACE' D:\Home\App\Common\Conf\debug.php 第 4 行.
INFO: [ app_init ] --START--
INFO: Run Behavior\BuildLiteBehavior [ RunTime:0.000012s ]
INFO: [ app_init ] --END-- [ RunTime:0.000050s ]
INFO: [ app_begin ] --START--
INFO: Run Behavior\ReadHtmlCacheBehavior [ RunTime:0.000316s ]
INFO: [ app_begin ] --END-- [ RunTime:0.000363s ]
SQL: SHOW COLUMNS FROM `lr_brand` [ RunTime:0.0212s ]
NOTIC: [8] Undefined index: brand_name D:\Home\App\Admin\Controller\BrandController.class.php 第 20 行.
SQL: SELECT COUNT(*) AS tp_count FROM `lr_brand` LIMIT 1   [ RunTime:0.0038s ]
SQL: SELECT * FROM `lr_brand` LIMIT 0,5   [ RunTime:0.0033s ]
INFO: [ view_parse ] --START--
INFO: [ template_filter ] --START--
INFO: Run Behavior\ContentReplaceBehavior [ RunTime:0.000070s ]
INFO: [ template_filter ] --END-- [ RunTime:0.000119s ]
NOTIC: [8] Undefined variable: name D:\Home\App\Runtime\Cache\Admin\ab4b9af6790308501cce30a58d6505ed.php 第 33 行.
INFO: Run Behavior\ParseTemplateBehavior [ RunTime:0.008356s ]
INFO: [ view_parse ] --END-- [ RunTime:0.008407s ]
INFO: [ view_filter ] --START--
INFO: Run Behavior\WriteHtmlCacheBehavior [ RunTime:0.000149s ]
INFO: [ view_filter ] --END-- [ RunTime:0.000182s ]
INFO: [ app_end ] --START--
INFO: Run Behavior\ShowPageTraceBehavior [ RunTime:0.000308s ]
INFO: [ app_end ] --END-- [ RunTime:0.000344s ]

[ 2018-01-30T15:44:43+08:00 ] 101.87.254.112 /index.php/Admin/Brand/del.html?id=9
NOTIC: [8] Use of undefined constant SHOW_PAGE_TRACE - assumed 'SHOW_PAGE_TRACE' D:\Home\App\Common\Conf\debug.php 第 4 行.
INFO: [ app_init ] --START--
INFO: Run Behavior\BuildLiteBehavior [ RunTime:0.000012s ]
INFO: [ app_init ] --END-- [ RunTime:0.000050s ]
INFO: [ app_begin ] --START--
INFO: Run Behavior\ReadHtmlCacheBehavior [ RunTime:0.000323s ]
INFO: [ app_begin ] --END-- [ RunTime:0.000371s ]
SQL: SHOW COLUMNS FROM `lr_brand` [ RunTime:0.0046s ]
SQL: SELECT * FROM `lr_brand` WHERE ( id=9 ) LIMIT 1   [ RunTime:0.0003s ]
SQL: DELETE FROM `lr_brand` WHERE ( id=9 ) [ RunTime:0.0164s ]
INFO: [ view_parse ] --START--
INFO: [ template_filter ] --START--
INFO: Run Behavior\ContentReplaceBehavior [ RunTime:0.000078s ]
INFO: [ template_filter ] --END-- [ RunTime:0.000129s ]
INFO: Run Behavior\ParseTemplateBehavior [ RunTime:0.005585s ]
INFO: [ view_parse ] --END-- [ RunTime:0.005634s ]
INFO: [ view_filter ] --START--
INFO: Run Behavior\WriteHtmlCacheBehavior [ RunTime:0.000143s ]
INFO: [ view_filter ] --END-- [ RunTime:0.000176s ]
INFO: [ app_end ] --START--
INFO: Run Behavior\ShowPageTraceBehavior [ RunTime:0.000334s ]
INFO: [ app_end ] --END-- [ RunTime:0.000374s ]

[ 2018-01-30T15:44:44+08:00 ] 101.87.254.112 /index.php/Admin/Brand/index
NOTIC: [8] Use of undefined constant SHOW_PAGE_TRACE - assumed 'SHOW_PAGE_TRACE' D:\Home\App\Common\Conf\debug.php 第 4 行.
INFO: [ app_init ] --START--
INFO: Run Behavior\BuildLiteBehavior [ RunTime:0.000011s ]
INFO: [ app_init ] --END-- [ RunTime:0.000049s ]
INFO: [ app_begin ] --START--
INFO: Run Behavior\ReadHtmlCacheBehavior [ RunTime:0.000342s ]
INFO: [ app_begin ] --END-- [ RunTime:0.000396s ]
SQL: SHOW COLUMNS FROM `lr_brand` [ RunTime:0.0007s ]
NOTIC: [8] Undefined index: brand_name D:\Home\App\Admin\Controller\BrandController.class.php 第 20 行.
SQL: SELECT COUNT(*) AS tp_count FROM `lr_brand` LIMIT 1   [ RunTime:0.0002s ]
SQL: SELECT * FROM `lr_brand` LIMIT 0,5   [ RunTime:0.0002s ]
INFO: [ view_parse ] --START--
INFO: [ template_filter ] --START--
INFO: Run Behavior\ContentReplaceBehavior [ RunTime:0.000067s ]
INFO: [ template_filter ] --END-- [ RunTime:0.000115s ]
NOTIC: [8] Undefined variable: name D:\Home\App\Runtime\Cache\Admin\ab4b9af6790308501cce30a58d6505ed.php 第 33 行.
INFO: Run Behavior\ParseTemplateBehavior [ RunTime:0.005823s ]
INFO: [ view_parse ] --END-- [ RunTime:0.005876s ]
INFO: [ view_filter ] --START--
INFO: Run Behavior\WriteHtmlCacheBehavior [ RunTime:0.000168s ]
INFO: [ view_filter ] --END-- [ RunTime:0.000201s ]
INFO: [ app_end ] --START--
INFO: Run Behavior\ShowPageTraceBehavior [ RunTime:0.000361s ]
INFO: [ app_end ] --END-- [ RunTime:0.000398s ]

[ 2018-01-30T15:44:52+08:00 ] 101.87.254.112 /index.php/Admin/Product/index.html
NOTIC: [8] Use of undefined constant SHOW_PAGE_TRACE - assumed 'SHOW_PAGE_TRACE' D:\Home\App\Common\Conf\debug.php 第 4 行.
INFO: [ app_init ] --START--
INFO: Run Behavior\BuildLiteBehavior [ RunTime:0.000012s ]
INFO: [ app_init ] --END-- [ RunTime:0.000050s ]
INFO: [ app_begin ] --START--
INFO: Run Behavior\ReadHtmlCacheBehavior [ RunTime:0.000334s ]
INFO: [ app_begin ] --END-- [ RunTime:0.000383s ]
NOTIC: [8] Undefined index: id D:\Home\App\Admin\Controller\ProductController.class.php 第 14 行.
NOTIC: [8] Undefined index: shop_id D:\Home\App\Admin\Controller\ProductController.class.php 第 15 行.
NOTIC: [8] Undefined index: type D:\Home\App\Admin\Controller\ProductController.class.php 第 18 行.
NOTIC: [8] Undefined index: tuijian D:\Home\App\Admin\Controller\ProductController.class.php 第 19 行.
NOTIC: [8] Undefined index: name D:\Home\App\Admin\Controller\ProductController.class.php 第 20 行.
SQL: SHOW COLUMNS FROM `lr_product` [ RunTime:0.0469s ]
SQL: SELECT COUNT(*) AS tp_count FROM `lr_product` WHERE ( 1=1 AND pro_type=1 AND del<1 ) LIMIT 1   [ RunTime:0.0080s ]
NOTIC: [8] Undefined index: page D:\Home\App\Admin\Controller\ProductController.class.php 第 32 行.
SQL: SELECT * FROM `lr_product` WHERE ( 1=1 AND pro_type=1 AND del<1 ) ORDER BY addtime desc LIMIT 0,5   [ RunTime:0.0109s ]
SQL: SHOW COLUMNS FROM `lr_category` [ RunTime:0.0120s ]
SQL: SELECT `name` FROM `lr_category` WHERE ( id=8 ) LIMIT 1   [ RunTime:0.0003s ]
SQL: SHOW COLUMNS FROM `lr_brand` [ RunTime:0.0008s ]
SQL: SELECT `name` FROM `lr_brand` WHERE ( id=4 ) LIMIT 1   [ RunTime:0.0003s ]
SQL: SELECT `name` FROM `lr_category` WHERE ( id=17 ) LIMIT 1   [ RunTime:0.0003s ]
SQL: SELECT `name` FROM `lr_brand` WHERE ( id=6 ) LIMIT 1   [ RunTime:0.0002s ]
SQL: SELECT `name` FROM `lr_category` WHERE ( id=9 ) LIMIT 1   [ RunTime:0.0002s ]
SQL: SELECT `name` FROM `lr_brand` WHERE ( id=4 ) LIMIT 1   [ RunTime:0.0002s ]
SQL: SELECT `name` FROM `lr_category` WHERE ( id=15 ) LIMIT 1   [ RunTime:0.0002s ]
SQL: SELECT `name` FROM `lr_brand` WHERE ( id=7 ) LIMIT 1   [ RunTime:0.0002s ]
SQL: SELECT `name` FROM `lr_category` WHERE ( id=15 ) LIMIT 1   [ RunTime:0.0002s ]
SQL: SELECT `name` FROM `lr_brand` WHERE ( id=7 ) LIMIT 1   [ RunTime:0.0002s ]
INFO: [ view_parse ] --START--
INFO: [ template_filter ] --START--
INFO: Run Behavior\ContentReplaceBehavior [ RunTime:0.000124s ]
INFO: [ template_filter ] --END-- [ RunTime:0.000178s ]
INFO: Run Behavior\ParseTemplateBehavior [ RunTime:0.009689s ]
INFO: [ view_parse ] --END-- [ RunTime:0.009739s ]
INFO: [ view_filter ] --START--
INFO: Run Behavior\WriteHtmlCacheBehavior [ RunTime:0.000159s ]
INFO: [ view_filter ] --END-- [ RunTime:0.000193s ]
INFO: [ app_end ] --START--
INFO: Run Behavior\ShowPageTraceBehavior [ RunTime:0.000360s ]
INFO: [ app_end ] --END-- [ RunTime:0.000401s ]

[ 2018-01-30T15:44:58+08:00 ] 101.87.254.112 /index.php/Admin/User/index.html
NOTIC: [8] Use of undefined constant SHOW_PAGE_TRACE - assumed 'SHOW_PAGE_TRACE' D:\Home\App\Common\Conf\debug.php 第 4 行.
INFO: [ app_init ] --START--
INFO: Run Behavior\BuildLiteBehavior [ RunTime:0.000013s ]
INFO: [ app_init ] --END-- [ RunTime:0.000050s ]
INFO: [ app_begin ] --START--
INFO: Run Behavior\ReadHtmlCacheBehavior [ RunTime:0.000349s ]
INFO: [ app_begin ] --END-- [ RunTime:0.000396s ]
NOTIC: [8] Undefined index: type D:\Home\App\Admin\Controller\UserController.class.php 第 11 行.
NOTIC: [8] Undefined index: id D:\Home\App\Admin\Controller\UserController.class.php 第 12 行.
NOTIC: [8] Undefined index: tel D:\Home\App\Admin\Controller\UserController.class.php 第 13 行.
NOTIC: [8] Undefined index: name D:\Home\App\Admin\Controller\UserController.class.php 第 14 行.
NOTIC: [8] Undefined index: name D:\Home\App\Admin\Controller\UserController.class.php 第 16 行.
SQL: SHOW COLUMNS FROM `lr_user` [ RunTime:0.0015s ]
SQL: SELECT COUNT(*) AS tp_count FROM `lr_user` WHERE ( 1=1 ) LIMIT 1   [ RunTime:0.0002s ]
NOTIC: [8] Undefined index: page D:\Home\App\Admin\Controller\UserController.class.php 第 26 行.
SQL: SELECT * FROM `lr_user` WHERE ( 1=1 ) ORDER BY id desc LIMIT 0,20   [ RunTime:0.0019s ]
INFO: [ view_parse ] --START--
INFO: [ template_filter ] --START--
INFO: Run Behavior\ContentReplaceBehavior [ RunTime:0.000071s ]
INFO: [ template_filter ] --END-- [ RunTime:0.000111s ]
INFO: Run Behavior\ParseTemplateBehavior [ RunTime:0.007421s ]
INFO: [ view_parse ] --END-- [ RunTime:0.007472s ]
INFO: [ view_filter ] --START--
INFO: Run Behavior\WriteHtmlCacheBehavior [ RunTime:0.000153s ]
INFO: [ view_filter ] --END-- [ RunTime:0.000188s ]
INFO: [ app_end ] --START--
INFO: Run Behavior\ShowPageTraceBehavior [ RunTime:0.000320s ]
INFO: [ app_end ] --END-- [ RunTime:0.000360s ]

[ 2018-01-30T15:45:05+08:00 ] 101.87.254.112 /index.php/Admin/User/del.html?did=1&page=0
NOTIC: [8] Use of undefined constant SHOW_PAGE_TRACE - assumed 'SHOW_PAGE_TRACE' D:\Home\App\Common\Conf\debug.php 第 4 行.
INFO: [ app_init ] --START--
INFO: Run Behavior\BuildLiteBehavior [ RunTime:0.000012s ]
INFO: [ app_init ] --END-- [ RunTime:0.000050s ]
INFO: [ app_begin ] --START--
INFO: Run Behavior\ReadHtmlCacheBehavior [ RunTime:0.000329s ]
INFO: [ app_begin ] --END-- [ RunTime:0.000377s ]
SQL: SHOW COLUMNS FROM `lr_user` [ RunTime:0.0008s ]
SQL: SELECT * FROM `lr_user` WHERE ( id=1 ) LIMIT 1   [ RunTime:0.0015s ]
SQL: UPDATE `lr_user` SET `del`='0' WHERE ( id=1 ) [ RunTime:0.0129s ]

[ 2018-01-30T15:45:05+08:00 ] 101.87.254.112 /index.php/Admin/User/index/page/0.html
NOTIC: [8] Use of undefined constant SHOW_PAGE_TRACE - assumed 'SHOW_PAGE_TRACE' D:\Home\App\Common\Conf\debug.php 第 4 行.
INFO: [ app_init ] --START--
INFO: Run Behavior\BuildLiteBehavior [ RunTime:0.000012s ]
INFO: [ app_init ] --END-- [ RunTime:0.000050s ]
INFO: [ app_begin ] --START--
INFO: Run Behavior\ReadHtmlCacheBehavior [ RunTime:0.000327s ]
INFO: [ app_begin ] --END-- [ RunTime:0.000374s ]
NOTIC: [8] Undefined index: type D:\Home\App\Admin\Controller\UserController.class.php 第 11 行.
NOTIC: [8] Undefined index: id D:\Home\App\Admin\Controller\UserController.class.php 第 12 行.
NOTIC: [8] Undefined index: tel D:\Home\App\Admin\Controller\UserController.class.php 第 13 行.
NOTIC: [8] Undefined index: name D:\Home\App\Admin\Controller\UserController.class.php 第 14 行.
NOTIC: [8] Undefined index: name D:\Home\App\Admin\Controller\UserController.class.php 第 16 行.
SQL: SHOW COLUMNS FROM `lr_user` [ RunTime:0.0008s ]
SQL: SELECT COUNT(*) AS tp_count FROM `lr_user` WHERE ( 1=1 ) LIMIT 1   [ RunTime:0.0002s ]
SQL: SELECT * FROM `lr_user` WHERE ( 1=1 ) ORDER BY id desc LIMIT 0,20   [ RunTime:0.0003s ]
INFO: [ view_parse ] --START--
INFO: [ template_filter ] --START--
INFO: Run Behavior\ContentReplaceBehavior [ RunTime:0.000076s ]
INFO: [ template_filter ] --END-- [ RunTime:0.000126s ]
INFO: Run Behavior\ParseTemplateBehavior [ RunTime:0.006223s ]
INFO: [ view_parse ] --END-- [ RunTime:0.006287s ]
INFO: [ view_filter ] --START--
INFO: Run Behavior\WriteHtmlCacheBehavior [ RunTime:0.000207s ]
INFO: [ view_filter ] --END-- [ RunTime:0.000269s ]
INFO: [ app_end ] --START--
INFO: Run Behavior\ShowPageTraceBehavior [ RunTime:0.000337s ]
INFO: [ app_end ] --END-- [ RunTime:0.000388s ]

[ 2018-01-30T15:45:16+08:00 ] 101.87.254.112 /index.php/Admin/User/del.html?did=1&page=0
NOTIC: [8] Use of undefined constant SHOW_PAGE_TRACE - assumed 'SHOW_PAGE_TRACE' D:\Home\App\Common\Conf\debug.php 第 4 行.
INFO: [ app_init ] --START--
INFO: Run Behavior\BuildLiteBehavior [ RunTime:0.000037s ]
INFO: [ app_init ] --END-- [ RunTime:0.000075s ]
INFO: [ app_begin ] --START--
INFO: Run Behavior\ReadHtmlCacheBehavior [ RunTime:0.000316s ]
INFO: [ app_begin ] --END-- [ RunTime:0.000538s ]
SQL: SHOW COLUMNS FROM `lr_user` [ RunTime:0.0026s ]
SQL: SELECT * FROM `lr_user` WHERE ( id=1 ) LIMIT 1   [ RunTime:0.0003s ]
SQL: UPDATE `lr_user` SET `del`='1' WHERE ( id=1 ) [ RunTime:0.0002s ]

[ 2018-01-30T15:45:16+08:00 ] 101.87.254.112 /index.php/Admin/User/index/page/0.html
NOTIC: [8] Use of undefined constant SHOW_PAGE_TRACE - assumed 'SHOW_PAGE_TRACE' D:\Home\App\Common\Conf\debug.php 第 4 行.
INFO: [ app_init ] --START--
INFO: Run Behavior\BuildLiteBehavior [ RunTime:0.000013s ]
INFO: [ app_init ] --END-- [ RunTime:0.000050s ]
INFO: [ app_begin ] --START--
INFO: Run Behavior\ReadHtmlCacheBehavior [ RunTime:0.000315s ]
INFO: [ app_begin ] --END-- [ RunTime:0.000362s ]
NOTIC: [8] Undefined index: type D:\Home\App\Admin\Controller\UserController.class.php 第 11 行.
NOTIC: [8] Undefined index: id D:\Home\App\Admin\Controller\UserController.class.php 第 12 行.
NOTIC: [8] Undefined index: tel D:\Home\App\Admin\Controller\UserController.class.php 第 13 行.
NOTIC: [8] Undefined index: name D:\Home\App\Admin\Controller\UserController.class.php 第 14 行.
NOTIC: [8] Undefined index: name D:\Home\App\Admin\Controller\UserController.class.php 第 16 行.
SQL: SHOW COLUMNS FROM `lr_user` [ RunTime:0.0106s ]
SQL: SELECT COUNT(*) AS tp_count FROM `lr_user` WHERE ( 1=1 ) LIMIT 1   [ RunTime:0.0002s ]
SQL: SELECT * FROM `lr_user` WHERE ( 1=1 ) ORDER BY id desc LIMIT 0,20   [ RunTime:0.0003s ]
INFO: [ view_parse ] --START--
INFO: [ template_filter ] --START--
INFO: Run Behavior\ContentReplaceBehavior [ RunTime:0.000072s ]
INFO: [ template_filter ] --END-- [ RunTime:0.000114s ]
INFO: Run Behavior\ParseTemplateBehavior [ RunTime:0.006246s ]
INFO: [ view_parse ] --END-- [ RunTime:0.006329s ]
INFO: [ view_filter ] --START--
INFO: Run Behavior\WriteHtmlCacheBehavior [ RunTime:0.000154s ]
INFO: [ view_filter ] --END-- [ RunTime:0.000192s ]
INFO: [ app_end ] --START--
INFO: Run Behavior\ShowPageTraceBehavior [ RunTime:0.000359s ]
INFO: [ app_end ] --END-- [ RunTime:0.000396s ]

[ 2018-01-30T15:45:27+08:00 ] 101.87.254.112 /index.php/Admin/Adminuser/adminuser.html
NOTIC: [8] Use of undefined constant SHOW_PAGE_TRACE - assumed 'SHOW_PAGE_TRACE' D:\Home\App\Common\Conf\debug.php 第 4 行.
INFO: [ app_init ] --START--
INFO: Run Behavior\BuildLiteBehavior [ RunTime:0.000012s ]
INFO: [ app_init ] --END-- [ RunTime:0.000057s ]
INFO: [ app_begin ] --START--
INFO: Run Behavior\ReadHtmlCacheBehavior [ RunTime:0.000334s ]
INFO: [ app_begin ] --END-- [ RunTime:0.000389s ]
NOTIC: [8] Undefined index: id D:\Home\App\Admin\Controller\AdminuserController.class.php 第 9 行.
NOTIC: [8] Undefined index: name D:\Home\App\Admin\Controller\AdminuserController.class.php 第 10 行.
NOTIC: [8] Undefined index: name D:\Home\App\Admin\Controller\AdminuserController.class.php 第 12 行.
SQL: SHOW COLUMNS FROM `lr_adminuser` [ RunTime:0.0087s ]
SQL: SELECT COUNT(*) AS tp_count FROM `lr_adminuser` WHERE ( 1=1 AND del<1 ) LIMIT 1   [ RunTime:0.0030s ]
NOTIC: [8] Undefined index: page D:\Home\App\Admin\Controller\AdminuserController.class.php 第 23 行.
SQL: SELECT * FROM `lr_adminuser` WHERE ( 1=1 AND del<1 ) ORDER BY id desc LIMIT 0,10   [ RunTime:0.0002s ]
INFO: [ view_parse ] --START--
INFO: [ template_filter ] --START--
INFO: Run Behavior\ContentReplaceBehavior [ RunTime:0.000081s ]
INFO: [ template_filter ] --END-- [ RunTime:0.000132s ]
NOTIC: [8] Undefined variable: tel D:\Home\App\Runtime\Cache\Admin\c6ec897bf2d6cf4dffb88881d4f29975.php 第 28 行.
INFO: Run Behavior\ParseTemplateBehavior [ RunTime:0.009248s ]
INFO: [ view_parse ] --END-- [ RunTime:0.009297s ]
INFO: [ view_filter ] --START--
INFO: Run Behavior\WriteHtmlCacheBehavior [ RunTime:0.000153s ]
INFO: [ view_filter ] --END-- [ RunTime:0.000186s ]
INFO: [ app_end ] --START--
INFO: Run Behavior\ShowPageTraceBehavior [ RunTime:0.000328s ]
INFO: [ app_end ] --END-- [ RunTime:0.000364s ]

[ 2018-01-30T15:45:31+08:00 ] 101.87.254.112 /index.php/Admin/Adminuser/add.html
NOTIC: [8] Use of undefined constant SHOW_PAGE_TRACE - assumed 'SHOW_PAGE_TRACE' D:\Home\App\Common\Conf\debug.php 第 4 行.
INFO: [ app_init ] --START--
INFO: Run Behavior\BuildLiteBehavior [ RunTime:0.000013s ]
INFO: [ app_init ] --END-- [ RunTime:0.000052s ]
INFO: [ app_begin ] --START--
INFO: Run Behavior\ReadHtmlCacheBehavior [ RunTime:0.000322s ]
INFO: [ app_begin ] --END-- [ RunTime:0.000372s ]
NOTIC: [8] Undefined index: id D:\Home\App\Admin\Controller\AdminuserController.class.php 第 49 行.
NOTIC: [8] Undefined index: submit D:\Home\App\Admin\Controller\AdminuserController.class.php 第 50 行.
INFO: [ view_parse ] --START--
INFO: [ template_filter ] --START--
INFO: Run Behavior\ContentReplaceBehavior [ RunTime:0.000058s ]
INFO: [ template_filter ] --END-- [ RunTime:0.000101s ]
NOTIC: [2] Illegal string offset 'name' D:\Home\App\Runtime\Cache\Admin\dcc5dfa0c6a6d201e23d3048da34d6f4.php 第 36 行.
NOTIC: [8] Uninitialized string offset: 0 D:\Home\App\Runtime\Cache\Admin\dcc5dfa0c6a6d201e23d3048da34d6f4.php 第 36 行.
NOTIC: [2] Illegal string offset 'id' D:\Home\App\Runtime\Cache\Admin\dcc5dfa0c6a6d201e23d3048da34d6f4.php 第 50 行.
NOTIC: [8] Uninitialized string offset: 0 D:\Home\App\Runtime\Cache\Admin\dcc5dfa0c6a6d201e23d3048da34d6f4.php 第 50 行.
INFO: Run Behavior\ParseTemplateBehavior [ RunTime:0.005809s ]
INFO: [ view_parse ] --END-- [ RunTime:0.005857s ]
INFO: [ view_filter ] --START--
INFO: Run Behavior\WriteHtmlCacheBehavior [ RunTime:0.000150s ]
INFO: [ view_filter ] --END-- [ RunTime:0.000182s ]
INFO: [ app_end ] --START--
INFO: Run Behavior\ShowPageTraceBehavior [ RunTime:0.000334s ]
INFO: [ app_end ] --END-- [ RunTime:0.000374s ]

[ 2018-01-30T15:45:34+08:00 ] 101.87.254.112 /index.php/Admin/User/index.html
NOTIC: [8] Use of undefined constant SHOW_PAGE_TRACE - assumed 'SHOW_PAGE_TRACE' D:\Home\App\Common\Conf\debug.php 第 4 行.
INFO: [ app_init ] --START--
INFO: Run Behavior\BuildLiteBehavior [ RunTime:0.000012s ]
INFO: [ app_init ] --END-- [ RunTime:0.000049s ]
INFO: [ app_begin ] --START--
INFO: Run Behavior\ReadHtmlCacheBehavior [ RunTime:0.000328s ]
INFO: [ app_begin ] --END-- [ RunTime:0.000374s ]
NOTIC: [8] Undefined index: type D:\Home\App\Admin\Controller\UserController.class.php 第 11 行.
NOTIC: [8] Undefined index: id D:\Home\App\Admin\Controller\UserController.class.php 第 12 行.
NOTIC: [8] Undefined index: tel D:\Home\App\Admin\Controller\UserController.class.php 第 13 行.
NOTIC: [8] Undefined index: name D:\Home\App\Admin\Controller\UserController.class.php 第 14 行.
NOTIC: [8] Undefined index: name D:\Home\App\Admin\Controller\UserController.class.php 第 16 行.
SQL: SHOW COLUMNS FROM `lr_user` [ RunTime:0.0008s ]
SQL: SELECT COUNT(*) AS tp_count FROM `lr_user` WHERE ( 1=1 ) LIMIT 1   [ RunTime:0.0002s ]
NOTIC: [8] Undefined index: page D:\Home\App\Admin\Controller\UserController.class.php 第 26 行.
SQL: SELECT * FROM `lr_user` WHERE ( 1=1 ) ORDER BY id desc LIMIT 0,20   [ RunTime:0.0003s ]
INFO: [ view_parse ] --START--
INFO: [ template_filter ] --START--
INFO: Run Behavior\ContentReplaceBehavior [ RunTime:0.000067s ]
INFO: [ template_filter ] --END-- [ RunTime:0.000107s ]
INFO: Run Behavior\ParseTemplateBehavior [ RunTime:0.005804s ]
INFO: [ view_parse ] --END-- [ RunTime:0.005852s ]
INFO: [ view_filter ] --START--
INFO: Run Behavior\WriteHtmlCacheBehavior [ RunTime:0.000149s ]
INFO: [ view_filter ] --END-- [ RunTime:0.000182s ]
INFO: [ app_end ] --START--
INFO: Run Behavior\ShowPageTraceBehavior [ RunTime:0.000306s ]
INFO: [ app_end ] --END-- [ RunTime:0.000345s ]

[ 2018-01-30T15:45:43+08:00 ] 101.87.254.112 /index.php/Admin/Order/index.html
NOTIC: [8] Use of undefined constant SHOW_PAGE_TRACE - assumed 'SHOW_PAGE_TRACE' D:\Home\App\Common\Conf\debug.php 第 4 行.
INFO: [ app_init ] --START--
INFO: Run Behavior\BuildLiteBehavior [ RunTime:0.000013s ]
INFO: [ app_init ] --END-- [ RunTime:0.000051s ]
INFO: [ app_begin ] --START--
INFO: Run Behavior\ReadHtmlCacheBehavior [ RunTime:0.000316s ]
INFO: [ app_begin ] --END-- [ RunTime:0.000362s ]
NOTIC: [2048] Declaration of Admin\Controller\OrderController::show() should be compatible with Think\Controller::show($content, $charset = '', $contentType = '', $prefix = '') D:\Home\App\Admin\Controller\OrderController.class.php 第 4 行.
SQL: SHOW COLUMNS FROM `lr_order` [ RunTime:0.0425s ]
SQL: SHOW COLUMNS FROM `lr_order_product` [ RunTime:0.0006s ]
SQL: SHOW COLUMNS FROM `lr_adminuser` [ RunTime:0.0024s ]
ERR: 1054:Unknown column 'shop_id' in 'field list'
 [ SQL语句 ] : SELECT `shop_id` FROM `lr_adminuser` WHERE ( id=1 ) LIMIT 1  
ERR: 1054:Unknown column 'shop_id' in 'field list'
 [ SQL语句 ] : SELECT `shop_id` FROM `lr_adminuser` WHERE ( id=1 ) LIMIT 1  

